<?xml version="1.0" encoding="UTF-8"?>
<!-- Generated by org.testng.reporters.JUnitReportReporter -->
<testsuite hostname="DESKTOP-VUCN5R5" name="com.niki.tests.app.AppTests" tests="1" failures="0" timestamp="6 May 2017 11:49:17 GMT" time="26.816" errors="0">
  <testcase name="validateHelpSection" time="26.816" classname="com.niki.tests.app.AppTests"/>
</testsuite> <!-- com.niki.tests.app.AppTests -->
