<?xml version="1.0" encoding="UTF-8"?>
<!-- Generated by org.testng.reporters.JUnitReportReporter -->
<testsuite hostname="DESKTOP-VUCN5R5" name="com.niki.tests.app.CancelAction" tests="1" failures="0" timestamp="6 May 2017 10:51:37 GMT" time="22.487" errors="0">
  <testcase name="cancelAction" time="22.487" classname="com.niki.tests.app.CancelAction"/>
</testsuite> <!-- com.niki.tests.app.CancelAction -->
