<?xml version="1.0" encoding="UTF-8"?>
<!-- Generated by org.testng.reporters.JUnitReportReporter -->
<testsuite hostname="DESKTOP-VUCN5R5" name="com.niki.tests.app.ValidateDashboard" tests="1" failures="0" timestamp="6 May 2017 10:51:37 GMT" time="7.396" errors="0">
  <testcase name="validateDashboard" time="7.396" classname="com.niki.tests.app.ValidateDashboard"/>
</testsuite> <!-- com.niki.tests.app.ValidateDashboard -->
