<?xml version="1.0" encoding="UTF-8"?>
<!-- Generated by org.testng.reporters.JUnitReportReporter -->
<testsuite hostname="DESKTOP-VUCN5R5" name="com.niki.tests.app.ValidateSidePanel" tests="1" failures="0" timestamp="6 May 2017 10:51:37 GMT" time="8.974" errors="0">
  <testcase name="validateSidePanel" time="8.974" classname="com.niki.tests.app.ValidateSidePanel"/>
</testsuite> <!-- com.niki.tests.app.ValidateSidePanel -->
