<?xml version="1.0" encoding="UTF-8"?>
<!-- Generated by org.testng.reporters.JUnitReportReporter -->
<testsuite hostname="DESKTOP-VUCN5R5" name="com.niki.tests.app.AppTests" tests="6" failures="0" timestamp="6 May 2017 12:50:15 GMT" time="103.872" errors="0">
  <testcase name="validateSidePanelOptions" time="48.073" classname="com.niki.tests.app.AppTests"/>
  <testcase name="validateUserInfo" time="4.851" classname="com.niki.tests.app.AppTests"/>
  <testcase name="validateDashboard" time="6.998" classname="com.niki.tests.app.AppTests"/>
  <testcase name="validateHelpSection" time="25.565" classname="com.niki.tests.app.AppTests"/>
  <testcase name="cancelAction" time="16.342" classname="com.niki.tests.app.AppTests"/>
  <testcase name="exitApplication" time="2.043" classname="com.niki.tests.app.AppTests"/>
</testsuite> <!-- com.niki.tests.app.AppTests -->
